2018-12-11 18:30:36,838 ERROR: Exception on /translate [POST] [in c:\users\mr. isaac\documents\macroblog\swahilipot\lib\site-packages\flask\app.py:1761]
Traceback (most recent call last):
  File "c:\users\mr. isaac\documents\macroblog\swahilipot\lib\site-packages\flask\app.py", line 2292, in wsgi_app
    response = self.full_dispatch_request()
  File "c:\users\mr. isaac\documents\macroblog\swahilipot\lib\site-packages\flask\app.py", line 1815, in full_dispatch_request
    rv = self.handle_user_exception(e)
  File "c:\users\mr. isaac\documents\macroblog\swahilipot\lib\site-packages\flask\app.py", line 1718, in handle_user_exception
    reraise(exc_type, exc_value, tb)
  File "c:\users\mr. isaac\documents\macroblog\swahilipot\lib\site-packages\flask\_compat.py", line 35, in reraise
    raise value
  File "c:\users\mr. isaac\documents\macroblog\swahilipot\lib\site-packages\flask\app.py", line 1813, in full_dispatch_request
    rv = self.dispatch_request()
  File "c:\users\mr. isaac\documents\macroblog\swahilipot\lib\site-packages\flask\app.py", line 1799, in dispatch_request
    return self.view_functions[rule.endpoint](**req.view_args)
  File "c:\users\mr. isaac\documents\macroblog\swahilipot\lib\site-packages\flask_login\utils.py", line 261, in decorated_view
    return func(*args, **kwargs)
  File "C:\Users\Mr. Isaac\Documents\macroblog\app\main\routes.py", line 136, in translate_text
    request.form['dest_language'])})
  File "C:\Users\Mr. Isaac\Documents\macroblog\app\translate.py", line 7, in translate
    if 'MS_TRANSLATOR_KEY' not in app.config or \
NameError: name 'app' is not defined
2018-12-12 22:35:29,816 INFO: Microblog startup [in C:\Users\Mr. Isaac\Documents\macroblog\app\__init__.py:81]
2019-01-27 01:52:18,901 INFO: Microblog startup [in C:\Users\Mr. Isaac\Documents\macroblog\app\__init__.py:81]
2019-01-27 22:22:10,475 INFO: Microblog startup [in C:\Users\Mr. Isaac\Documents\macroblog\app\__init__.py:81]
2019-01-27 22:52:13,402 INFO: Microblog startup [in C:\Users\Mr. Isaac\Documents\macroblog\app\__init__.py:81]
2019-01-27 22:53:09,358 INFO: Microblog startup [in C:\Users\Mr. Isaac\Documents\macroblog\app\__init__.py:81]
2019-01-27 23:14:00,466 INFO: Microblog startup [in C:\Users\Mr. Isaac\Documents\macroblog\app\__init__.py:81]
2019-01-28 09:50:01,968 INFO: Microblog startup [in C:\Users\Mr. Isaac\Documents\macroblog\app\__init__.py:81]
2019-01-28 09:51:36,720 INFO: Microblog startup [in C:\Users\Mr. Isaac\Documents\macroblog\app\__init__.py:81]
2019-01-28 14:39:57,124 INFO: Microblog startup [in C:\Users\Mr. Isaac\Documents\macroblog\app\__init__.py:81]
2019-01-28 15:55:27,813 INFO: Microblog startup [in C:\Users\Mr. Isaac\Documents\macroblog\app\__init__.py:81]
2019-01-28 16:04:47,345 INFO: Microblog startup [in C:\Users\Mr. Isaac\Documents\macroblog\app\__init__.py:81]
2019-01-28 18:32:52,028 INFO: Microblog startup [in C:\Users\Mr. Isaac\Documents\macroblog\app\__init__.py:81]
2019-01-28 19:05:50,462 INFO: Microblog startup [in C:\Users\Mr. Isaac\Documents\macroblog\app\__init__.py:81]
2019-01-28 19:09:37,153 INFO: Microblog startup [in C:\Users\Mr. Isaac\Documents\macroblog\app\__init__.py:81]
2019-02-16 15:11:24,958 INFO: Microblog startup [in C:\Users\Mr. Isaac\Documents\macroblog\app\__init__.py:81]
